[debug] [2022-07-30T10:13:37.378Z] ----------------------------------------------------------------------
[debug] [2022-07-30T10:13:37.381Z] Command:       C:\Program Files\nodejs\node.exe C:\Users\asims\AppData\Roaming\npm\node_modules\firebase-tools\lib\bin\firebase.js init
[debug] [2022-07-30T10:13:37.382Z] CLI Version:   11.4.0
[debug] [2022-07-30T10:13:37.382Z] Platform:      win32
[debug] [2022-07-30T10:13:37.382Z] Node Version:  v16.16.0
[debug] [2022-07-30T10:13:37.897Z] Time:          Sat Jul 30 2022 03:13:37 GMT-0700 (Pacific Daylight Time)
[debug] [2022-07-30T10:13:37.898Z] ----------------------------------------------------------------------
[debug] 
[debug] [2022-07-30T10:13:37.936Z] > command requires scopes: ["email","openid","https://www.googleapis.com/auth/cloudplatformprojects.readonly","https://www.googleapis.com/auth/firebase","https://www.googleapis.com/auth/cloud-platform"]
[debug] [2022-07-30T10:13:37.937Z] > authorizing via signed-in user (asimshahzad6763132@gmail.com)
[info] 
     ######## #### ########  ######## ########     ###     ######  ########
     ##        ##  ##     ## ##       ##     ##  ##   ##  ##       ##
     ######    ##  ########  ######   ########  #########  ######  ######
     ##        ##  ##    ##  ##       ##     ## ##     ##       ## ##
     ##       #### ##     ## ######## ########  ##     ##  ######  ########

You're about to initialize a Firebase project in this directory:

  C:\Users\asims\OneDrive\Documents\my portfolio

[info] 
=== Project Setup
[info] 
[info] First, let's associate this project directory with a Firebase project.
[info] You can create multiple project aliases by running firebase use --add, 
[info] but for now we'll just set up a default project.
[info] 
[debug] [2022-07-30T10:14:44.870Z] > refreshing access token with scopes: []
[debug] [2022-07-30T10:14:44.873Z] >>> [apiv2][query] POST https://www.googleapis.com/oauth2/v3/token [none]
[debug] [2022-07-30T10:14:44.873Z] >>> [apiv2][body] POST https://www.googleapis.com/oauth2/v3/token [omitted]
[debug] [2022-07-30T10:14:49.220Z] <<< [apiv2][status] POST https://www.googleapis.com/oauth2/v3/token 200
[debug] [2022-07-30T10:14:49.220Z] <<< [apiv2][body] POST https://www.googleapis.com/oauth2/v3/token [omitted]
[debug] [2022-07-30T10:14:49.374Z] >>> [apiv2][query] GET https://firebase.googleapis.com/v1beta1/projects pageSize=100
[debug] [2022-07-30T10:14:50.398Z] <<< [apiv2][status] GET https://firebase.googleapis.com/v1beta1/projects 200
[debug] [2022-07-30T10:14:50.398Z] <<< [apiv2][body] GET https://firebase.googleapis.com/v1beta1/projects [omitted]
[info] i  Using project asim-portfolio (Asim-Portfolio) 
[info] 
=== Hosting Setup
[info] 
[info] Your public directory is the folder (relative to your project directory) that
[info] will contain Hosting assets to be uploaded with firebase deploy. If you
[info] have a build process for your assets, use your build's output directory.
[info] 
[debug] [2022-07-30T10:21:03.306Z] >>> [apiv2][query] GET https://www.gstatic.com/firebasejs/releases.json [none]
[debug] [2022-07-30T10:21:03.595Z] <<< [apiv2][status] GET https://www.gstatic.com/firebasejs/releases.json 200
[debug] [2022-07-30T10:21:03.597Z] <<< [apiv2][body] GET https://www.gstatic.com/firebasejs/releases.json {"current":{"version":"9.9.1","browserURL":"https://www.gstatic.com/firebasejs/9.9.1/firebase.js","packageURL":"https://www.gstatic.com/firebasejs/9.9.1/firebase.tgz"},"live":{"version":"9.9","browserURL":"https://www.gstatic.com/firebasejs/live/9.9/firebase.js","packageURL":"https://www.gstatic.com/firebasejs/live/9.9/firebase.tgz"},"components":{"analytics":"https://www.gstatic.com/firebasejs/9.9.1/firebase-analytics.js","app":"https://www.gstatic.com/firebasejs/9.9.1/firebase-app.js","app-check":"https://www.gstatic.com/firebasejs/9.9.1/firebase-app-check.js","auth":"https://www.gstatic.com/firebasejs/9.9.1/firebase-auth.js","auth/cordova":"https://www.gstatic.com/firebasejs/9.9.1/firebase-auth/cordova.js","auth/react-native":"https://www.gstatic.com/firebasejs/9.9.1/firebase-auth/react-native.js","functions":"https://www.gstatic.com/firebasejs/9.9.1/firebase-functions.js","firestore":"https://www.gstatic.com/firebasejs/9.9.1/firebase-firestore.js","firestore/lite":"https://www.gstatic.com/firebasejs/9.9.1/firebase-firestore/lite.js","installations":"https://www.gstatic.com/firebasejs/9.9.1/firebase-installations.js","storage":"https://www.gstatic.com/firebasejs/9.9.1/firebase-storage.js","performance":"https://www.gstatic.com/firebasejs/9.9.1/firebase-performance.js","remote-config":"https://www.gstatic.com/firebasejs/9.9.1/firebase-remote-config.js","messaging":"https://www.gstatic.com/firebasejs/9.9.1/firebase-messaging.js","messaging/sw":"https://www.gstatic.com/firebasejs/9.9.1/firebase-messaging/sw.js","database":"https://www.gstatic.com/firebasejs/9.9.1/firebase-database.js","firestore.memory":"https://www.gstatic.com/firebasejs/9.9.1/firebase-firestore.memory.js"}}
[info] +  Wrote asim-shahzad-portfolio/index.html 
[info] 
[info] i  Didn't detect a .git folder. Assuming C:\Users\asims\OneDrive\Documents\my portfolio is the project root. 
[info] i  Authorizing with GitHub to upload your service account to a GitHub repository's secrets store. 
[info] 
[info] Visit this URL on this device to log in:
[info] https://github.com/login/oauth/authorize?client_id=89cf50f02ac6aaed3484&state=642569708&redirect_uri=http%3A%2F%2Flocalhost%3A9005&scope=read%3Auser%20repo%20public_repo
[info] 
[info] Waiting for authentication...
[debug] [2022-07-30T10:21:22.943Z] >>> [apiv2][query] POST https://github.com/login/oauth/access_token [none]
[debug] [2022-07-30T10:21:22.944Z] >>> [apiv2][body] POST https://github.com/login/oauth/access_token [stream]
[debug] [2022-07-30T10:21:23.856Z] <<< [apiv2][status] POST https://github.com/login/oauth/access_token 200
[debug] [2022-07-30T10:21:23.856Z] <<< [apiv2][body] POST https://github.com/login/oauth/access_token {"access_token":"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","token_type":"bearer","scope":"read:user,repo"}
[debug] [2022-07-30T10:21:23.874Z] >>> [apiv2][query] GET https://api.github.com/user [none]
[debug] [2022-07-30T10:21:24.555Z] <<< [apiv2][status] GET https://api.github.com/user 200
[debug] [2022-07-30T10:21:24.555Z] <<< [apiv2][body] GET https://api.github.com/user {"login":"asim7886","id":97433075,"node_id":"U_kgDOBc618w","avatar_url":"https://avatars.githubusercontent.com/u/97433075?v=4","gravatar_id":"","url":"https://api.github.com/users/asim7886","html_url":"https://github.com/asim7886","followers_url":"https://api.github.com/users/asim7886/followers","following_url":"https://api.github.com/users/asim7886/following{/other_user}","gists_url":"https://api.github.com/users/asim7886/gists{/gist_id}","starred_url":"https://api.github.com/users/asim7886/starred{/owner}{/repo}","subscriptions_url":"https://api.github.com/users/asim7886/subscriptions","organizations_url":"https://api.github.com/users/asim7886/orgs","repos_url":"https://api.github.com/users/asim7886/repos","events_url":"https://api.github.com/users/asim7886/events{/privacy}","received_events_url":"https://api.github.com/users/asim7886/received_events","type":"User","site_admin":false,"name":"Asim Shahzad","company":null,"blog":"","location":null,"email":null,"hireable":null,"bio":null,"twitter_username":null,"public_repos":2,"public_gists":0,"followers":0,"following":0,"created_at":"2022-01-10T07:52:27Z","updated_at":"2022-07-30T06:01:31Z","private_gists":0,"total_private_repos":0,"owned_private_repos":0,"disk_usage":0,"collaborators":0,"two_factor_authentication":false,"plan":{"name":"free","space":976562499,"collaborators":0,"private_repos":10000}}
[info] 
[info] +  Success! Logged into GitHub as asim7886 
[info] 
[debug] [2022-07-30T10:21:40.634Z] >>> [apiv2][query] GET https://api.github.com/repos//actions/secrets/public-key type=owner
[debug] [2022-07-30T10:21:41.080Z] <<< [apiv2][status] GET https://api.github.com/repos//actions/secrets/public-key 404
[debug] [2022-07-30T10:21:41.080Z] <<< [apiv2][body] GET https://api.github.com/repos//actions/secrets/public-key {"message":"Not Found","documentation_url":"https://docs.github.com/rest"}
[debug] [2022-07-30T10:23:10.964Z] >>> [apiv2][query] GET https://api.github.com/repos/firebase deploy/actions/secrets/public-key type=owner
[debug] [2022-07-30T10:23:11.624Z] <<< [apiv2][status] GET https://api.github.com/repos/firebase deploy/actions/secrets/public-key 404
[debug] [2022-07-30T10:23:11.624Z] <<< [apiv2][body] GET https://api.github.com/repos/firebase deploy/actions/secrets/public-key {"message":"Not Found","documentation_url":"https://docs.github.com/rest"}
[debug] [2022-07-30T10:24:09.749Z] >>> [apiv2][query] GET https://api.github.com/repos/https://github.com/asim7886/Grow-therapy/actions/secrets/public-key type=owner
[debug] [2022-07-30T10:24:10.189Z] <<< [apiv2][status] GET https://api.github.com/repos/https://github.com/asim7886/Grow-therapy/actions/secrets/public-key 404
[debug] [2022-07-30T10:24:10.189Z] <<< [apiv2][body] GET https://api.github.com/repos/https://github.com/asim7886/Grow-therapy/actions/secrets/public-key {"message":"Not Found","documentation_url":"https://docs.github.com/rest"}
[debug] [2022-07-30T10:24:14.477Z] >>> [apiv2][query] GET https://api.github.com/repos/https://github.com/asim7886/Grow-therapy/actions/secrets/public-key type=owner
[debug] [2022-07-30T10:24:14.685Z] >>> [apiv2][query] GET https://api.github.com/repos//actions/secrets/public-key type=owner
[debug] [2022-07-30T10:24:15.086Z] <<< [apiv2][status] GET https://api.github.com/repos/https://github.com/asim7886/Grow-therapy/actions/secrets/public-key 404
[debug] [2022-07-30T10:24:15.086Z] <<< [apiv2][body] GET https://api.github.com/repos/https://github.com/asim7886/Grow-therapy/actions/secrets/public-key {"message":"Not Found","documentation_url":"https://docs.github.com/rest"}
[debug] [2022-07-30T10:24:15.124Z] <<< [apiv2][status] GET https://api.github.com/repos//actions/secrets/public-key 404
[debug] [2022-07-30T10:24:15.124Z] <<< [apiv2][body] GET https://api.github.com/repos//actions/secrets/public-key {"message":"Not Found","documentation_url":"https://docs.github.com/rest"}
[debug] [2022-07-30T10:25:28.854Z] Error: kill ENOSYS
    at process.kill (node:internal/process/per_thread:220:13)
    at process.listener (C:\Users\asims\AppData\Roaming\npm\node_modules\firebase-tools\node_modules\signal-exit\index.js:95:15)
    at process.emit (node:events:527:28)
[error] 
[error] Error: An unexpected error has occurred.
[debug] [2022-07-30T10:26:34.654Z] ----------------------------------------------------------------------
[debug] [2022-07-30T10:26:34.658Z] Command:       C:\Program Files\nodejs\node.exe C:\Users\asims\AppData\Roaming\npm\node_modules\firebase-tools\lib\bin\firebase.js init
[debug] [2022-07-30T10:26:34.658Z] CLI Version:   11.4.0
[debug] [2022-07-30T10:26:34.659Z] Platform:      win32
[debug] [2022-07-30T10:26:34.659Z] Node Version:  v16.16.0
[debug] [2022-07-30T10:26:34.660Z] Time:          Sat Jul 30 2022 03:26:34 GMT-0700 (Pacific Daylight Time)
[debug] [2022-07-30T10:26:34.660Z] ----------------------------------------------------------------------
[debug] 
[debug] [2022-07-30T10:26:34.671Z] > command requires scopes: ["email","openid","https://www.googleapis.com/auth/cloudplatformprojects.readonly","https://www.googleapis.com/auth/firebase","https://www.googleapis.com/auth/cloud-platform"]
[debug] [2022-07-30T10:26:34.672Z] > authorizing via signed-in user (asimshahzad6763132@gmail.com)
[info] 
     ######## #### ########  ######## ########     ###     ######  ########
     ##        ##  ##     ## ##       ##     ##  ##   ##  ##       ##
     ######    ##  ########  ######   ########  #########  ######  ######
     ##        ##  ##    ##  ##       ##     ## ##     ##       ## ##
     ##       #### ##     ## ######## ########  ##     ##  ######  ########

You're about to initialize a Firebase project in this directory:

  C:\Users\asims\OneDrive\Documents\my portfolio

[info] 
=== Project Setup
[info] 
[info] First, let's associate this project directory with a Firebase project.
[info] You can create multiple project aliases by running firebase use --add, 
[info] but for now we'll just set up a default project.
[info] 
[debug] [2022-07-30T10:26:59.557Z] >>> [apiv2][query] GET https://firebase.googleapis.com/v1beta1/projects pageSize=100
[debug] [2022-07-30T10:27:00.780Z] <<< [apiv2][status] GET https://firebase.googleapis.com/v1beta1/projects 200
[debug] [2022-07-30T10:27:00.780Z] <<< [apiv2][body] GET https://firebase.googleapis.com/v1beta1/projects [omitted]
[info] i  Using project asim-portfolio (Asim-Portfolio) 
[info] 
=== Hosting Setup
[info] 
[info] Your public directory is the folder (relative to your project directory) that
[info] will contain Hosting assets to be uploaded with firebase deploy. If you
[info] have a build process for your assets, use your build's output directory.
[info] 
[info] +  Wrote public/404.html 
[debug] [2022-07-30T10:27:42.296Z] >>> [apiv2][query] GET https://www.gstatic.com/firebasejs/releases.json [none]
[debug] [2022-07-30T10:27:42.647Z] <<< [apiv2][status] GET https://www.gstatic.com/firebasejs/releases.json 200
[debug] [2022-07-30T10:27:42.647Z] <<< [apiv2][body] GET https://www.gstatic.com/firebasejs/releases.json {"current":{"version":"9.9.1","browserURL":"https://www.gstatic.com/firebasejs/9.9.1/firebase.js","packageURL":"https://www.gstatic.com/firebasejs/9.9.1/firebase.tgz"},"live":{"version":"9.9","browserURL":"https://www.gstatic.com/firebasejs/live/9.9/firebase.js","packageURL":"https://www.gstatic.com/firebasejs/live/9.9/firebase.tgz"},"components":{"analytics":"https://www.gstatic.com/firebasejs/9.9.1/firebase-analytics.js","app":"https://www.gstatic.com/firebasejs/9.9.1/firebase-app.js","app-check":"https://www.gstatic.com/firebasejs/9.9.1/firebase-app-check.js","auth":"https://www.gstatic.com/firebasejs/9.9.1/firebase-auth.js","auth/cordova":"https://www.gstatic.com/firebasejs/9.9.1/firebase-auth/cordova.js","auth/react-native":"https://www.gstatic.com/firebasejs/9.9.1/firebase-auth/react-native.js","functions":"https://www.gstatic.com/firebasejs/9.9.1/firebase-functions.js","firestore":"https://www.gstatic.com/firebasejs/9.9.1/firebase-firestore.js","firestore/lite":"https://www.gstatic.com/firebasejs/9.9.1/firebase-firestore/lite.js","installations":"https://www.gstatic.com/firebasejs/9.9.1/firebase-installations.js","storage":"https://www.gstatic.com/firebasejs/9.9.1/firebase-storage.js","performance":"https://www.gstatic.com/firebasejs/9.9.1/firebase-performance.js","remote-config":"https://www.gstatic.com/firebasejs/9.9.1/firebase-remote-config.js","messaging":"https://www.gstatic.com/firebasejs/9.9.1/firebase-messaging.js","messaging/sw":"https://www.gstatic.com/firebasejs/9.9.1/firebase-messaging/sw.js","database":"https://www.gstatic.com/firebasejs/9.9.1/firebase-database.js","firestore.memory":"https://www.gstatic.com/firebasejs/9.9.1/firebase-firestore.memory.js"}}
[info] i  Skipping write of public/index.html 
[info] 
[info] i  Didn't detect a .git folder. Assuming C:\Users\asims\OneDrive\Documents\my portfolio is the project root. 
[info] i  Authorizing with GitHub to upload your service account to a GitHub repository's secrets store. 
[info] 
[info] Visit this URL on this device to log in:
[info] https://github.com/login/oauth/authorize?client_id=89cf50f02ac6aaed3484&state=800345784&redirect_uri=http%3A%2F%2Flocalhost%3A9005&scope=read%3Auser%20repo%20public_repo
[info] 
[info] Waiting for authentication...
[debug] [2022-07-30T10:27:57.042Z] >>> [apiv2][query] POST https://github.com/login/oauth/access_token [none]
[debug] [2022-07-30T10:27:57.042Z] >>> [apiv2][body] POST https://github.com/login/oauth/access_token [stream]
[debug] [2022-07-30T10:27:57.552Z] <<< [apiv2][status] POST https://github.com/login/oauth/access_token 200
[debug] [2022-07-30T10:27:57.552Z] <<< [apiv2][body] POST https://github.com/login/oauth/access_token {"access_token":"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","token_type":"bearer","scope":"read:user,repo"}
[debug] [2022-07-30T10:27:57.560Z] >>> [apiv2][query] GET https://api.github.com/user [none]
[debug] [2022-07-30T10:27:58.218Z] <<< [apiv2][status] GET https://api.github.com/user 200
[debug] [2022-07-30T10:27:58.218Z] <<< [apiv2][body] GET https://api.github.com/user {"login":"asim7886","id":97433075,"node_id":"U_kgDOBc618w","avatar_url":"https://avatars.githubusercontent.com/u/97433075?v=4","gravatar_id":"","url":"https://api.github.com/users/asim7886","html_url":"https://github.com/asim7886","followers_url":"https://api.github.com/users/asim7886/followers","following_url":"https://api.github.com/users/asim7886/following{/other_user}","gists_url":"https://api.github.com/users/asim7886/gists{/gist_id}","starred_url":"https://api.github.com/users/asim7886/starred{/owner}{/repo}","subscriptions_url":"https://api.github.com/users/asim7886/subscriptions","organizations_url":"https://api.github.com/users/asim7886/orgs","repos_url":"https://api.github.com/users/asim7886/repos","events_url":"https://api.github.com/users/asim7886/events{/privacy}","received_events_url":"https://api.github.com/users/asim7886/received_events","type":"User","site_admin":false,"name":"Asim Shahzad","company":null,"blog":"","location":null,"email":null,"hireable":null,"bio":null,"twitter_username":null,"public_repos":3,"public_gists":0,"followers":0,"following":0,"created_at":"2022-01-10T07:52:27Z","updated_at":"2022-07-30T06:01:31Z","private_gists":0,"total_private_repos":0,"owned_private_repos":0,"disk_usage":0,"collaborators":0,"two_factor_authentication":false,"plan":{"name":"free","space":976562499,"collaborators":0,"private_repos":10000}}
[info] 
[info] +  Success! Logged into GitHub as asim7886 
[info] 
[debug] [2022-07-30T10:37:59.204Z] >>> [apiv2][query] GET https://api.github.com/repos/format:/actions/secrets/public-key type=owner
[debug] [2022-07-30T10:37:59.859Z] <<< [apiv2][status] GET https://api.github.com/repos/format:/actions/secrets/public-key 404
[debug] [2022-07-30T10:37:59.860Z] <<< [apiv2][body] GET https://api.github.com/repos/format:/actions/secrets/public-key {"message":"Not Found","documentation_url":"https://docs.github.com/rest"}
[debug] [2022-07-30T10:38:09.869Z] >>> [apiv2][query] GET https://api.github.com/repos/format:asim/asimshahzad/actions/secrets/public-key type=owner
[debug] [2022-07-30T10:38:10.318Z] <<< [apiv2][status] GET https://api.github.com/repos/format:asim/asimshahzad/actions/secrets/public-key 404
[debug] [2022-07-30T10:38:10.319Z] <<< [apiv2][body] GET https://api.github.com/repos/format:asim/asimshahzad/actions/secrets/public-key {"message":"Not Found","documentation_url":"https://docs.github.com/rest/reference/actions#get-a-repository-public-key"}
[debug] [2022-07-30T10:38:36.573Z] >>> [apiv2][query] GET https://api.github.com/repos/format:asim/asimshahzad/actions/secrets/public-key type=owner
[debug] [2022-07-30T10:38:37.063Z] <<< [apiv2][status] GET https://api.github.com/repos/format:asim/asimshahzad/actions/secrets/public-key 404
[debug] [2022-07-30T10:38:37.063Z] <<< [apiv2][body] GET https://api.github.com/repos/format:asim/asimshahzad/actions/secrets/public-key {"message":"Not Found","documentation_url":"https://docs.github.com/rest/reference/actions#get-a-repository-public-key"}
[debug] [2022-07-30T10:38:39.605Z] >>> [apiv2][query] GET https://api.github.com/repos/format:asim/asimshahzad/actions/secrets/public-key type=owner
[debug] [2022-07-30T10:38:39.989Z] >>> [apiv2][query] GET https://api.github.com/repos//actions/secrets/public-key type=owner
[debug] [2022-07-30T10:38:40.071Z] <<< [apiv2][status] GET https://api.github.com/repos/format:asim/asimshahzad/actions/secrets/public-key 404
[debug] [2022-07-30T10:38:40.071Z] <<< [apiv2][body] GET https://api.github.com/repos/format:asim/asimshahzad/actions/secrets/public-key {"message":"Not Found","documentation_url":"https://docs.github.com/rest/reference/actions#get-a-repository-public-key"}
[debug] [2022-07-30T10:38:40.565Z] >>> [apiv2][query] GET https://api.github.com/repos/format:asim/asimshahzad/actions/secrets/public-key type=owner
[debug] [2022-07-30T10:38:40.846Z] <<< [apiv2][status] GET https://api.github.com/repos//actions/secrets/public-key 404
[debug] [2022-07-30T10:38:40.846Z] <<< [apiv2][body] GET https://api.github.com/repos//actions/secrets/public-key {"message":"Not Found","documentation_url":"https://docs.github.com/rest"}
[debug] [2022-07-30T10:38:41.041Z] <<< [apiv2][status] GET https://api.github.com/repos/format:asim/asimshahzad/actions/secrets/public-key 404
[debug] [2022-07-30T10:38:41.041Z] <<< [apiv2][body] GET https://api.github.com/repos/format:asim/asimshahzad/actions/secrets/public-key {"message":"Not Found","documentation_url":"https://docs.github.com/rest/reference/actions#get-a-repository-public-key"}
[debug] [2022-07-30T10:38:41.066Z] >>> [apiv2][query] GET https://api.github.com/repos/format:asim/asimshahzad/actions/secrets/public-key type=owner
[debug] [2022-07-30T10:38:41.099Z] >>> [apiv2][query] GET https://api.github.com/repos//actions/secrets/public-key type=owner
[debug] [2022-07-30T10:38:41.131Z] >>> [apiv2][query] GET https://api.github.com/repos//actions/secrets/public-key type=owner
[debug] [2022-07-30T10:38:41.164Z] >>> [apiv2][query] GET https://api.github.com/repos//actions/secrets/public-key type=owner
[debug] [2022-07-30T10:38:41.198Z] >>> [apiv2][query] GET https://api.github.com/repos//actions/secrets/public-key type=owner
[debug] [2022-07-30T10:38:41.230Z] >>> [apiv2][query] GET https://api.github.com/repos//actions/secrets/public-key type=owner
[debug] [2022-07-30T10:38:41.263Z] >>> [apiv2][query] GET https://api.github.com/repos//actions/secrets/public-key type=owner
[debug] [2022-07-30T10:38:41.297Z] >>> [apiv2][query] GET https://api.github.com/repos//actions/secrets/public-key type=owner
[debug] [2022-07-30T10:38:41.330Z] >>> [apiv2][query] GET https://api.github.com/repos//actions/secrets/public-key type=owner
[debug] [2022-07-30T10:38:41.363Z] >>> [apiv2][query] GET https://api.github.com/repos//actions/secrets/public-key type=owner
[debug] [2022-07-30T10:38:41.396Z] >>> [apiv2][query] GET https://api.github.com/repos//actions/secrets/public-key type=owner
[debug] [2022-07-30T10:38:41.428Z] >>> [apiv2][query] GET https://api.github.com/repos//actions/secrets/public-key type=owner
[debug] [2022-07-30T10:38:41.461Z] >>> [apiv2][query] GET https://api.github.com/repos//actions/secrets/public-key type=owner
[debug] [2022-07-30T10:38:41.494Z] >>> [apiv2][query] GET https://api.github.com/repos//actions/secrets/public-key type=owner
[debug] [2022-07-30T10:38:41.520Z] <<< [apiv2][status] GET https://api.github.com/repos/format:asim/asimshahzad/actions/secrets/public-key 404
[debug] [2022-07-30T10:38:41.520Z] <<< [apiv2][body] GET https://api.github.com/repos/format:asim/asimshahzad/actions/secrets/public-key {"message":"Not Found","documentation_url":"https://docs.github.com/rest/reference/actions#get-a-repository-public-key"}
[debug] [2022-07-30T10:38:41.528Z] >>> [apiv2][query] GET https://api.github.com/repos/format:asim/asimshahzad/actions/secrets/public-key type=owner
[debug] [2022-07-30T10:38:41.570Z] <<< [apiv2][status] GET https://api.github.com/repos//actions/secrets/public-key 404
[debug] [2022-07-30T10:38:41.570Z] <<< [apiv2][body] GET https://api.github.com/repos//actions/secrets/public-key {"message":"Not Found","documentation_url":"https://docs.github.com/rest"}
[debug] [2022-07-30T10:38:41.619Z] <<< [apiv2][status] GET https://api.github.com/repos//actions/secrets/public-key 404
[debug] [2022-07-30T10:38:41.619Z] <<< [apiv2][body] GET https://api.github.com/repos//actions/secrets/public-key {"message":"Not Found","documentation_url":"https://docs.github.com/rest"}
[debug] [2022-07-30T10:38:41.651Z] <<< [apiv2][status] GET https://api.github.com/repos//actions/secrets/public-key 404
[debug] [2022-07-30T10:38:41.651Z] <<< [apiv2][body] GET https://api.github.com/repos//actions/secrets/public-key {"message":"Not Found","documentation_url":"https://docs.github.com/rest"}
[debug] [2022-07-30T10:38:41.682Z] <<< [apiv2][status] GET https://api.github.com/repos//actions/secrets/public-key 404
[debug] [2022-07-30T10:38:41.682Z] <<< [apiv2][body] GET https://api.github.com/repos//actions/secrets/public-key {"message":"Not Found","documentation_url":"https://docs.github.com/rest"}
[debug] [2022-07-30T10:38:41.717Z] <<< [apiv2][status] GET https://api.github.com/repos//actions/secrets/public-key 404
[debug] [2022-07-30T10:38:41.717Z] <<< [apiv2][body] GET https://api.github.com/repos//actions/secrets/public-key {"message":"Not Found","documentation_url":"https://docs.github.com/rest"}
[debug] [2022-07-30T10:38:41.778Z] <<< [apiv2][status] GET https://api.github.com/repos//actions/secrets/public-key 404
[debug] [2022-07-30T10:38:41.779Z] <<< [apiv2][body] GET https://api.github.com/repos//actions/secrets/public-key {"message":"Not Found","documentation_url":"https://docs.github.com/rest"}
[debug] [2022-07-30T10:38:41.800Z] <<< [apiv2][status] GET https://api.github.com/repos//actions/secrets/public-key 404
[debug] [2022-07-30T10:38:41.800Z] <<< [apiv2][body] GET https://api.github.com/repos//actions/secrets/public-key {"message":"Not Found","documentation_url":"https://docs.github.com/rest"}
[debug] [2022-07-30T10:38:41.841Z] <<< [apiv2][status] GET https://api.github.com/repos//actions/secrets/public-key 404
[debug] [2022-07-30T10:38:41.841Z] <<< [apiv2][body] GET https://api.github.com/repos//actions/secrets/public-key {"message":"Not Found","documentation_url":"https://docs.github.com/rest"}
[debug] [2022-07-30T10:38:41.855Z] <<< [apiv2][status] GET https://api.github.com/repos//actions/secrets/public-key 404
[debug] [2022-07-30T10:38:41.855Z] <<< [apiv2][body] GET https://api.github.com/repos//actions/secrets/public-key {"message":"Not Found","documentation_url":"https://docs.github.com/rest"}
[debug] [2022-07-30T10:38:41.874Z] <<< [apiv2][status] GET https://api.github.com/repos//actions/secrets/public-key 404
[debug] [2022-07-30T10:38:41.874Z] <<< [apiv2][body] GET https://api.github.com/repos//actions/secrets/public-key {"message":"Not Found","documentation_url":"https://docs.github.com/rest"}
[debug] [2022-07-30T10:38:41.914Z] <<< [apiv2][status] GET https://api.github.com/repos//actions/secrets/public-key 404
[debug] [2022-07-30T10:38:41.914Z] <<< [apiv2][body] GET https://api.github.com/repos//actions/secrets/public-key {"message":"Not Found","documentation_url":"https://docs.github.com/rest"}
[debug] [2022-07-30T10:38:41.985Z] <<< [apiv2][status] GET https://api.github.com/repos/format:asim/asimshahzad/actions/secrets/public-key 404
[debug] [2022-07-30T10:38:41.985Z] <<< [apiv2][body] GET https://api.github.com/repos/format:asim/asimshahzad/actions/secrets/public-key {"message":"Not Found","documentation_url":"https://docs.github.com/rest/reference/actions#get-a-repository-public-key"}
[debug] [2022-07-30T10:38:42.036Z] <<< [apiv2][status] GET https://api.github.com/repos//actions/secrets/public-key 404
[debug] [2022-07-30T10:38:42.036Z] <<< [apiv2][body] GET https://api.github.com/repos//actions/secrets/public-key {"message":"Not Found","documentation_url":"https://docs.github.com/rest"}
[debug] [2022-07-30T10:38:42.421Z] >>> [apiv2][query] GET https://api.github.com/repos/format:asim/asimshahzad/actions/secrets/public-key type=owner
[debug] [2022-07-30T10:38:42.795Z] <<< [apiv2][status] GET https://api.github.com/repos//actions/secrets/public-key 404
[debug] [2022-07-30T10:38:42.795Z] <<< [apiv2][body] GET https://api.github.com/repos//actions/secrets/public-key {"message":"Not Found","documentation_url":"https://docs.github.com/rest"}
[debug] [2022-07-30T10:38:42.878Z] <<< [apiv2][status] GET https://api.github.com/repos/format:asim/asimshahzad/actions/secrets/public-key 404
[debug] [2022-07-30T10:38:42.879Z] <<< [apiv2][body] GET https://api.github.com/repos/format:asim/asimshahzad/actions/secrets/public-key {"message":"Not Found","documentation_url":"https://docs.github.com/rest/reference/actions#get-a-repository-public-key"}
[debug] [2022-07-30T10:38:42.922Z] >>> [apiv2][query] GET https://api.github.com/repos/format:asim/asimshahzad/actions/secrets/public-key type=owner
[debug] [2022-07-30T10:38:42.953Z] >>> [apiv2][query] GET https://api.github.com/repos//actions/secrets/public-key type=owner
[debug] [2022-07-30T10:38:42.986Z] >>> [apiv2][query] GET https://api.github.com/repos//actions/secrets/public-key type=owner
[debug] [2022-07-30T10:38:43.019Z] >>> [apiv2][query] GET https://api.github.com/repos//actions/secrets/public-key type=owner
[debug] [2022-07-30T10:38:43.053Z] >>> [apiv2][query] GET https://api.github.com/repos//actions/secrets/public-key type=owner
[debug] [2022-07-30T10:38:43.086Z] >>> [apiv2][query] GET https://api.github.com/repos//actions/secrets/public-key type=owner
[debug] [2022-07-30T10:38:43.119Z] >>> [apiv2][query] GET https://api.github.com/repos//actions/secrets/public-key type=owner
[debug] [2022-07-30T10:38:43.152Z] >>> [apiv2][query] GET https://api.github.com/repos//actions/secrets/public-key type=owner
[debug] [2022-07-30T10:38:43.389Z] <<< [apiv2][status] GET https://api.github.com/repos//actions/secrets/public-key 404
[debug] [2022-07-30T10:38:43.389Z] <<< [apiv2][body] GET https://api.github.com/repos//actions/secrets/public-key {"message":"Not Found","documentation_url":"https://docs.github.com/rest"}
[debug] [2022-07-30T10:38:43.429Z] <<< [apiv2][status] GET https://api.github.com/repos//actions/secrets/public-key 404
[debug] [2022-07-30T10:38:43.429Z] <<< [apiv2][body] GET https://api.github.com/repos//actions/secrets/public-key {"message":"Not Found","documentation_url":"https://docs.github.com/rest"}
[debug] [2022-07-30T10:38:43.457Z] <<< [apiv2][status] GET https://api.github.com/repos//actions/secrets/public-key 404
[debug] [2022-07-30T10:38:43.458Z] <<< [apiv2][body] GET https://api.github.com/repos//actions/secrets/public-key {"message":"Not Found","documentation_url":"https://docs.github.com/rest"}
[debug] [2022-07-30T10:38:43.595Z] <<< [apiv2][status] GET https://api.github.com/repos//actions/secrets/public-key 404
[debug] [2022-07-30T10:38:43.595Z] <<< [apiv2][body] GET https://api.github.com/repos//actions/secrets/public-key {"message":"Not Found","documentation_url":"https://docs.github.com/rest"}
[debug] [2022-07-30T10:38:43.715Z] <<< [apiv2][status] GET https://api.github.com/repos/format:asim/asimshahzad/actions/secrets/public-key 404
[debug] [2022-07-30T10:38:43.715Z] <<< [apiv2][body] GET https://api.github.com/repos/format:asim/asimshahzad/actions/secrets/public-key {"message":"Not Found","documentation_url":"https://docs.github.com/rest/reference/actions#get-a-repository-public-key"}
[debug] [2022-07-30T10:38:43.922Z] <<< [apiv2][status] GET https://api.github.com/repos//actions/secrets/public-key 404
[debug] [2022-07-30T10:38:43.922Z] <<< [apiv2][body] GET https://api.github.com/repos//actions/secrets/public-key {"message":"Not Found","documentation_url":"https://docs.github.com/rest"}
[debug] [2022-07-30T10:38:44.285Z] <<< [apiv2][status] GET https://api.github.com/repos//actions/secrets/public-key 404
[debug] [2022-07-30T10:38:44.285Z] <<< [apiv2][body] GET https://api.github.com/repos//actions/secrets/public-key {"message":"Not Found","documentation_url":"https://docs.github.com/rest"}
[debug] [2022-07-30T10:38:44.579Z] <<< [apiv2][status] GET https://api.github.com/repos//actions/secrets/public-key 404
[debug] [2022-07-30T10:38:44.580Z] <<< [apiv2][body] GET https://api.github.com/repos//actions/secrets/public-key {"message":"Not Found","documentation_url":"https://docs.github.com/rest"}
[debug] [2022-07-30T10:38:47.552Z] Error: kill ENOSYS
    at process.kill (node:internal/process/per_thread:220:13)
    at process.listener (C:\Users\asims\AppData\Roaming\npm\node_modules\firebase-tools\node_modules\signal-exit\index.js:95:15)
    at process.emit (node:events:527:28)
[error] 
[error] Error: An unexpected error has occurred.
